Using pre-set license
Built from '2020.2/staging' branch; Version is '2020.2.6f1 (8a2143876886) revision 9052483'; Using compiler version '192528614'; Build Type 'Release'
OS: 'Windows 10 Home China; OS build 22000.739; Version 2009; 64bit' Language: 'zh' Physical Memory: 16151 MB
BatchMode: 1, IsHumanControllingUs: 0, StartBugReporterOnCrash: 0, Is64bit: 1, IsPro: 0

 COMMAND LINE ARGUMENTS:
C:\Program Files\Unity\Editor\Unity.exe
-adb2
-batchMode
-noUpm
-name
AssetImportWorker0
-projectPath
F:/unity/HMExample/HMImages
-logFile
Logs/AssetImportWorker0.log
-srvPort
65283
Successfully changed project path to: F:/unity/HMExample/HMImages
F:/unity/HMExample/HMImages
Using Asset Import Pipeline V2.
Refreshing native plugins compatible for Editor in 42.64 ms, found 0 plugins.
Preloading 0 native plugins for Editor in 0.00 ms.
Initialize engine version: 2020.2.6f1 (8a2143876886)
[Subsystems] Discovering subsystems at path C:/Program Files/Unity/Editor/Data/Resources/UnitySubsystems
[Subsystems] Discovering subsystems at path F:/unity/HMExample/HMImages/Assets
GfxDevice: creating device client; threaded=0
Direct3D:
    Version:  Direct3D 11.0 [level 11.1]
    Renderer: NVIDIA GeForce MX230 (ID=0x1d11)
    Vendor:   
    VRAM:     1984 MB
    Driver:   30.0.15.1169
Initialize mono
Mono path[0] = 'C:/Program Files/Unity/Editor/Data/Managed'
Mono path[1] = 'C:/Program Files/Unity/Editor/Data/MonoBleedingEdge/lib/mono/unityjit'
Mono config path = 'C:/Program Files/Unity/Editor/Data/MonoBleedingEdge/etc'
Using monoOptions --debugger-agent=transport=dt_socket,embedding=1,server=y,suspend=n,address=127.0.0.1:56688
Begin MonoManager ReloadAssembly
Registering precompiled unity dll's ...
Register platform support module: C:/Program Files/Unity/Editor/Data/PlaybackEngines/WindowsStandaloneSupport/UnityEditor.WindowsStandalone.Extensions.dll
Registered in 0.001163 seconds.
Native extension for WindowsStandalone target not found
Refreshing native plugins compatible for Editor in 39.50 ms, found 0 plugins.
Preloading 0 native plugins for Editor in 0.00 ms.
Invoked RoslynAnalysisRunner static constructor.
RoslynAnalysisRunner will not be running.
RoslynAnalysisRunner has terminated.
Mono: successfully reloaded assembly
- Completed reload, in  1.348 seconds
Platform modules already initialized, skipping
Registering precompiled user dll's ...
Registered in 0.000685 seconds.
Begin MonoManager ReloadAssembly
Native extension for WindowsStandalone target not found
Refreshing native plugins compatible for Editor in 28.36 ms, found 0 plugins.
Preloading 0 native plugins for Editor in 0.00 ms.
Invoked RoslynAnalysisRunner static constructor.
RoslynAnalysisRunner will not be running.
RoslynAnalysisRunner has terminated.
Mono: successfully reloaded assembly
- Completed reload, in  1.120 seconds
Platform modules already initialized, skipping
========================================================================
Worker process is ready to serve import requests
Launched and connected shader compiler UnityShaderCompiler.exe after 0.03 seconds
Refreshing native plugins compatible for Editor in 0.29 ms, found 0 plugins.
Preloading 0 native plugins for Editor in 0.00 ms.
Unloading 1538 Unused Serialized files (Serialized files now loaded: 0)
System memory in use before: 69.6 MB.
System memory in use after: 69.6 MB.

Unloading 13 unused Assets to reduce memory usage. Loaded Objects now: 1979.
Total: 1.934600 ms (FindLiveObjects: 0.297500 ms CreateObjectMapping: 0.111200 ms MarkObjects: 1.436700 ms  DeleteObjects: 0.087700 ms)

========================================================================
Received Import Request.
  path: Assets/Scripts/PrefabImagePairManager.cs
  artifactKey: Guid(3368d90e334b6ce45b08ae00769456ad) Importer(815301076,1909f56bfc062723c751e8b465ee728b)
Start importing Assets/Scripts/PrefabImagePairManager.cs using Guid(3368d90e334b6ce45b08ae00769456ad) Importer(815301076,1909f56bfc062723c751e8b465ee728b)  -> (artifact id: 'ab9b0035741f721cc3fc28c3c7e69156') in 0.026951 seconds
  Import took 0.029814 seconds .

========================================================================
Received Prepare
Registering precompiled user dll's ...
Registered in 0.000491 seconds.
Begin MonoManager ReloadAssembly
Native extension for WindowsStandalone target not found
Refreshing native plugins compatible for Editor in 0.32 ms, found 0 plugins.
Preloading 0 native plugins for Editor in 0.00 ms.
Invoked RoslynAnalysisRunner static constructor.
RoslynAnalysisRunner will not be running.
RoslynAnalysisRunner has terminated.
Mono: successfully reloaded assembly
- Completed reload, in  1.074 seconds
Platform modules already initialized, skipping
Switching build target platform(5) subTarget(0) extendedPlatform(0) -> platform(13) subTarget(524288) extendedPlatform(0)
Refreshing native plugins compatible for Editor in 0.30 ms, found 0 plugins.
Preloading 0 native plugins for Editor in 0.00 ms.
Unloading 1529 Unused Serialized files (Serialized files now loaded: 0)
System memory in use before: 69.1 MB.
System memory in use after: 69.2 MB.

Unloading 8 unused Assets to reduce memory usage. Loaded Objects now: 1982.
Total: 1.654000 ms (FindLiveObjects: 0.138700 ms CreateObjectMapping: 0.042100 ms MarkObjects: 1.397400 ms  DeleteObjects: 0.074200 ms)

AssetImportParameters requested are different than current active one (requested -> active):
  custom:graphics/normal-map-encoding: 01000000000000000000000000000000 -> 02000000000000000000000000000000
========================================================================
Received Import Request.
  Time since last request: 16.150112 seconds.
  path: Assets/Scripts/PrefabImagePairManager.cs
  artifactKey: Guid(3368d90e334b6ce45b08ae00769456ad) Importer(815301076,1909f56bfc062723c751e8b465ee728b)
Start importing Assets/Scripts/PrefabImagePairManager.cs using Guid(3368d90e334b6ce45b08ae00769456ad) Importer(815301076,1909f56bfc062723c751e8b465ee728b)  -> (artifact id: 'eb182a1ddc1a39aa9c02a5faba3a7b29') in 0.004800 seconds
  Import took 0.007617 seconds .

========================================================================
Received Prepare
Registering precompiled user dll's ...
Registered in 0.000584 seconds.
Begin MonoManager ReloadAssembly
Native extension for WindowsStandalone target not found
Refreshing native plugins compatible for Editor in 0.49 ms, found 0 plugins.
Preloading 0 native plugins for Editor in 0.00 ms.
Invoked RoslynAnalysisRunner static constructor.
RoslynAnalysisRunner will not be running.
RoslynAnalysisRunner has terminated.
Mono: successfully reloaded assembly
- Completed reload, in  1.260 seconds
Platform modules already initialized, skipping
Switching build target platform(5) subTarget(0) extendedPlatform(0) -> platform(13) subTarget(524288) extendedPlatform(0)
Refreshing native plugins compatible for Editor in 0.31 ms, found 0 plugins.
Preloading 0 native plugins for Editor in 0.00 ms.
Unloading 1529 Unused Serialized files (Serialized files now loaded: 0)
System memory in use before: 69.2 MB.
System memory in use after: 69.2 MB.

Unloading 8 unused Assets to reduce memory usage. Loaded Objects now: 1985.
Total: 2.637000 ms (FindLiveObjects: 0.236100 ms CreateObjectMapping: 0.067500 ms MarkObjects: 2.238200 ms  DeleteObjects: 0.093300 ms)

AssetImportParameters requested are different than current active one (requested -> active):
  custom:graphics/normal-map-encoding: 01000000000000000000000000000000 -> 02000000000000000000000000000000
========================================================================
Received Import Request.
  Time since last request: 24.131014 seconds.
  path: Assets/Scripts/PrefabImagePairManager.cs
  artifactKey: Guid(3368d90e334b6ce45b08ae00769456ad) Importer(815301076,1909f56bfc062723c751e8b465ee728b)
Start importing Assets/Scripts/PrefabImagePairManager.cs using Guid(3368d90e334b6ce45b08ae00769456ad) Importer(815301076,1909f56bfc062723c751e8b465ee728b)  -> (artifact id: '2d030c8443e8ed2b00a9bded65ff0e5b') in 0.005276 seconds
  Import took 0.010055 seconds .

========================================================================
Received Import Request.
  Time since last request: 0.004969 seconds.
  path: Assets/Scripts/PrefabImagePairManager.cs
  artifactKey: Guid(3368d90e334b6ce45b08ae00769456ad) Importer(815301076,1909f56bfc062723c751e8b465ee728b)
Start importing Assets/Scripts/PrefabImagePairManager.cs using Guid(3368d90e334b6ce45b08ae00769456ad) Importer(815301076,1909f56bfc062723c751e8b465ee728b)  -> (artifact id: '2d030c8443e8ed2b00a9bded65ff0e5b') in 0.004107 seconds
  Import took 0.007560 seconds .

========================================================================
Received Import Request.
  Time since last request: 109.292416 seconds.
  path: Assets/Scripts/MultiImageTracking.cs
  artifactKey: Guid(cc395d4dcc7cde848b4a48bc90bcfa6d) Importer(815301076,1909f56bfc062723c751e8b465ee728b)
Start importing Assets/Scripts/MultiImageTracking.cs using Guid(cc395d4dcc7cde848b4a48bc90bcfa6d) Importer(815301076,1909f56bfc062723c751e8b465ee728b)  -> (artifact id: '2177b00d8f28c61a3326c9afecbdede2') in 0.011184 seconds
  Import took 0.015032 seconds .

========================================================================
Received Prepare
Registering precompiled user dll's ...
Registered in 0.001045 seconds.
Begin MonoManager ReloadAssembly
Native extension for WindowsStandalone target not found
Refreshing native plugins compatible for Editor in 0.32 ms, found 0 plugins.
Preloading 0 native plugins for Editor in 0.00 ms.
Invoked RoslynAnalysisRunner static constructor.
RoslynAnalysisRunner will not be running.
RoslynAnalysisRunner has terminated.
Mono: successfully reloaded assembly
- Completed reload, in  1.075 seconds
Platform modules already initialized, skipping
Switching build target platform(5) subTarget(0) extendedPlatform(0) -> platform(13) subTarget(524288) extendedPlatform(0)
Refreshing native plugins compatible for Editor in 0.28 ms, found 0 plugins.
Preloading 0 native plugins for Editor in 0.00 ms.
Unloading 1529 Unused Serialized files (Serialized files now loaded: 0)
System memory in use before: 69.2 MB.
System memory in use after: 69.3 MB.

Unloading 8 unused Assets to reduce memory usage. Loaded Objects now: 1988.
Total: 2.251600 ms (FindLiveObjects: 0.405600 ms CreateObjectMapping: 0.145900 ms MarkObjects: 1.630600 ms  DeleteObjects: 0.067000 ms)

AssetImportParameters requested are different than current active one (requested -> active):
  custom:graphics/normal-map-encoding: 01000000000000000000000000000000 -> 02000000000000000000000000000000
========================================================================
Received Prepare
Refreshing native plugins compatible for Editor in 1.79 ms, found 0 plugins.
Preloading 0 native plugins for Editor in 0.00 ms.
Unloading 5 Unused Serialized files (Serialized files now loaded: 0)
System memory in use before: 38.8 MB.
System memory in use after: 38.9 MB.

Unloading 4 unused Assets to reduce memory usage. Loaded Objects now: 1989.
Total: 2.713300 ms (FindLiveObjects: 0.160000 ms CreateObjectMapping: 0.050500 ms MarkObjects: 2.423000 ms  DeleteObjects: 0.077500 ms)

========================================================================
Received Import Request.
  Time since last request: 298.661254 seconds.
  path: Assets/Resources/Prefabs
  artifactKey: Guid(46251aa1eb4b6d445b5b36c5c375b659) Importer(815301076,1909f56bfc062723c751e8b465ee728b)
Start importing Assets/Resources/Prefabs using Guid(46251aa1eb4b6d445b5b36c5c375b659) Importer(815301076,1909f56bfc062723c751e8b465ee728b)  -> (artifact id: '36cc7e949aa0e4a7757d50c4661448ef') in 0.012075 seconds
  Import took 0.015417 seconds .

========================================================================
Received Prepare
Registering precompiled user dll's ...
Registered in 0.000815 seconds.
Begin MonoManager ReloadAssembly
Native extension for WindowsStandalone target not found
Refreshing native plugins compatible for Editor in 0.28 ms, found 0 plugins.
Preloading 0 native plugins for Editor in 0.00 ms.
Invoked RoslynAnalysisRunner static constructor.
RoslynAnalysisRunner will not be running.
RoslynAnalysisRunner has terminated.
Mono: successfully reloaded assembly
- Completed reload, in  0.856 seconds
Platform modules already initialized, skipping
Switching build target platform(5) subTarget(0) extendedPlatform(0) -> platform(13) subTarget(524288) extendedPlatform(0)
Refreshing native plugins compatible for Editor in 0.42 ms, found 0 plugins.
Preloading 0 native plugins for Editor in 0.00 ms.
Unloading 1528 Unused Serialized files (Serialized files now loaded: 0)
System memory in use before: 69.1 MB.
System memory in use after: 69.2 MB.

Unloading 7 unused Assets to reduce memory usage. Loaded Objects now: 1992.
Total: 2.966600 ms (FindLiveObjects: 0.426000 ms CreateObjectMapping: 0.105500 ms MarkObjects: 2.259400 ms  DeleteObjects: 0.173500 ms)

AssetImportParameters requested are different than current active one (requested -> active):
  custom:graphics/normal-map-encoding: 01000000000000000000000000000000 -> 02000000000000000000000000000000
========================================================================
Received Prepare
Refreshing native plugins compatible for Editor in 0.90 ms, found 0 plugins.
Preloading 0 native plugins for Editor in 0.00 ms.
Unloading 4 Unused Serialized files (Serialized files now loaded: 0)
System memory in use before: 38.8 MB.
System memory in use after: 38.9 MB.

Unloading 4 unused Assets to reduce memory usage. Loaded Objects now: 1992.
Total: 3.021500 ms (FindLiveObjects: 0.270800 ms CreateObjectMapping: 0.100000 ms MarkObjects: 2.559600 ms  DeleteObjects: 0.088200 ms)

========================================================================
Received Prepare
Registering precompiled user dll's ...
Registered in 0.000747 seconds.
Begin MonoManager ReloadAssembly
Native extension for WindowsStandalone target not found
Refreshing native plugins compatible for Editor in 0.81 ms, found 0 plugins.
Preloading 0 native plugins for Editor in 0.00 ms.
Invoked RoslynAnalysisRunner static constructor.
RoslynAnalysisRunner will not be running.
RoslynAnalysisRunner has terminated.
Mono: successfully reloaded assembly
- Completed reload, in  4.768 seconds
Platform modules already initialized, skipping
Switching build target platform(5) subTarget(0) extendedPlatform(0) -> platform(13) subTarget(524288) extendedPlatform(0)
Refreshing native plugins compatible for Editor in 0.76 ms, found 0 plugins.
Preloading 0 native plugins for Editor in 0.00 ms.
Unloading 1528 Unused Serialized files (Serialized files now loaded: 0)
System memory in use before: 69.2 MB.
System memory in use after: 69.2 MB.

Unloading 7 unused Assets to reduce memory usage. Loaded Objects now: 1995.
Total: 3.755700 ms (FindLiveObjects: 0.651400 ms CreateObjectMapping: 0.119500 ms MarkObjects: 2.887000 ms  DeleteObjects: 0.094800 ms)

AssetImportParameters requested are different than current active one (requested -> active):
  custom:graphics/normal-map-encoding: 01000000000000000000000000000000 -> 02000000000000000000000000000000
========================================================================
Received Prepare
Refreshing native plugins compatible for Editor in 1.32 ms, found 0 plugins.
Preloading 0 native plugins for Editor in 0.00 ms.
Unloading 4 Unused Serialized files (Serialized files now loaded: 0)
System memory in use before: 38.8 MB.
System memory in use after: 38.9 MB.

Unloading 4 unused Assets to reduce memory usage. Loaded Objects now: 1995.
Total: 2.652600 ms (FindLiveObjects: 0.253500 ms CreateObjectMapping: 0.083600 ms MarkObjects: 2.232600 ms  DeleteObjects: 0.079600 ms)

========================================================================
Received Import Request.
  Time since last request: 2429.241643 seconds.
  path: Assets/Prefabs/One.prefab
  artifactKey: Guid(faf5156b953664d42ac080064f34560f) Importer(815301076,1909f56bfc062723c751e8b465ee728b)
Start importing Assets/Prefabs/One.prefab using Guid(faf5156b953664d42ac080064f34560f) Importer(815301076,1909f56bfc062723c751e8b465ee728b)  -> (artifact id: 'ca83d53d412bee11d4261689ea5ef8d8') in 0.106953 seconds
  Import took 0.110837 seconds .

========================================================================
Received Prepare
Registering precompiled user dll's ...
Registered in 0.000717 seconds.
Begin MonoManager ReloadAssembly
Native extension for WindowsStandalone target not found
Refreshing native plugins compatible for Editor in 0.31 ms, found 0 plugins.
Preloading 0 native plugins for Editor in 0.00 ms.
Invoked RoslynAnalysisRunner static constructor.
RoslynAnalysisRunner will not be running.
RoslynAnalysisRunner has terminated.
Mono: successfully reloaded assembly
- Completed reload, in  0.840 seconds
Platform modules already initialized, skipping
Switching build target platform(5) subTarget(0) extendedPlatform(0) -> platform(13) subTarget(524288) extendedPlatform(0)
Refreshing native plugins compatible for Editor in 0.27 ms, found 0 plugins.
Preloading 0 native plugins for Editor in 0.00 ms.
Unloading 1528 Unused Serialized files (Serialized files now loaded: 0)
System memory in use before: 72.3 MB.
System memory in use after: 72.4 MB.

Unloading 7 unused Assets to reduce memory usage. Loaded Objects now: 2006.
Total: 1.667200 ms (FindLiveObjects: 0.144300 ms CreateObjectMapping: 0.054400 ms MarkObjects: 1.406300 ms  DeleteObjects: 0.061000 ms)

AssetImportParameters requested are different than current active one (requested -> active):
  custom:graphics/normal-map-encoding: 01000000000000000000000000000000 -> 02000000000000000000000000000000
========================================================================
Received Prepare
Refreshing native plugins compatible for Editor in 1.00 ms, found 0 plugins.
Preloading 0 native plugins for Editor in 0.00 ms.
Unloading 4 Unused Serialized files (Serialized files now loaded: 0)
System memory in use before: 41.9 MB.
System memory in use after: 42.0 MB.

Unloading 4 unused Assets to reduce memory usage. Loaded Objects now: 2006.
Total: 2.023600 ms (FindLiveObjects: 0.298900 ms CreateObjectMapping: 0.086800 ms MarkObjects: 1.570800 ms  DeleteObjects: 0.065200 ms)

========================================================================
Received Prepare
Refreshing native plugins compatible for Editor in 1.12 ms, found 0 plugins.
Preloading 0 native plugins for Editor in 0.00 ms.
Unloading 4 Unused Serialized files (Serialized files now loaded: 0)
System memory in use before: 41.9 MB.
System memory in use after: 42.0 MB.

Unloading 4 unused Assets to reduce memory usage. Loaded Objects now: 2006.
Total: 2.758100 ms (FindLiveObjects: 0.208900 ms CreateObjectMapping: 0.068100 ms MarkObjects: 2.401400 ms  DeleteObjects: 0.076900 ms)

========================================================================
Received Prepare
Registering precompiled user dll's ...
Registered in 0.000857 seconds.
Begin MonoManager ReloadAssembly
Native extension for WindowsStandalone target not found
Refreshing native plugins compatible for Editor in 0.30 ms, found 0 plugins.
Preloading 0 native plugins for Editor in 0.00 ms.
Invoked RoslynAnalysisRunner static constructor.
RoslynAnalysisRunner will not be running.
RoslynAnalysisRunner has terminated.
Mono: successfully reloaded assembly
- Completed reload, in  0.917 seconds
Platform modules already initialized, skipping
Switching build target platform(5) subTarget(0) extendedPlatform(0) -> platform(13) subTarget(524288) extendedPlatform(0)
Refreshing native plugins compatible for Editor in 0.47 ms, found 0 plugins.
Preloading 0 native plugins for Editor in 0.00 ms.
Unloading 1528 Unused Serialized files (Serialized files now loaded: 0)
System memory in use before: 72.3 MB.
System memory in use after: 72.4 MB.

Unloading 7 unused Assets to reduce memory usage. Loaded Objects now: 2009.
Total: 3.925400 ms (FindLiveObjects: 0.719300 ms CreateObjectMapping: 0.152300 ms MarkObjects: 2.936400 ms  DeleteObjects: 0.114100 ms)

AssetImportParameters requested are different than current active one (requested -> active):
  custom:graphics/normal-map-encoding: 01000000000000000000000000000000 -> 02000000000000000000000000000000
========================================================================
Received Import Request.
  Time since last request: 1351.477510 seconds.
  path: Assets/Images/ReferenceImageLibrary.asset
  artifactKey: Guid(949286d7ae0a7844c9d0bec0abedf82d) Importer(815301076,1909f56bfc062723c751e8b465ee728b)
Start importing Assets/Images/ReferenceImageLibrary.asset using Guid(949286d7ae0a7844c9d0bec0abedf82d) Importer(815301076,1909f56bfc062723c751e8b465ee728b)  -> (artifact id: 'c9fc30368149fc33e246f3f0bed4b7c6') in 0.040355 seconds
  Import took 0.055040 seconds .

========================================================================
Received Prepare
Refreshing native plugins compatible for Editor in 0.91 ms, found 0 plugins.
Preloading 0 native plugins for Editor in 0.00 ms.
Unloading 4 Unused Serialized files (Serialized files now loaded: 0)
System memory in use before: 42.0 MB.
System memory in use after: 42.1 MB.

Unloading 4 unused Assets to reduce memory usage. Loaded Objects now: 2009.
Total: 4.311200 ms (FindLiveObjects: 0.558600 ms CreateObjectMapping: 0.257700 ms MarkObjects: 3.406300 ms  DeleteObjects: 0.086100 ms)

========================================================================
Received Import Request.
  Time since last request: 1051.545687 seconds.
  path: Assets/Scripts/MultiImageTracking.cs
  artifactKey: Guid(cc395d4dcc7cde848b4a48bc90bcfa6d) Importer(815301076,1909f56bfc062723c751e8b465ee728b)
Start importing Assets/Scripts/MultiImageTracking.cs using Guid(cc395d4dcc7cde848b4a48bc90bcfa6d) Importer(815301076,1909f56bfc062723c751e8b465ee728b)  -> (artifact id: '81c650f392bcc4708cdd62fa5447e6f9') in 0.006623 seconds
  Import took 0.104030 seconds .

========================================================================
Received Prepare
Registering precompiled user dll's ...
Registered in 0.001386 seconds.
Begin MonoManager ReloadAssembly
Native extension for WindowsStandalone target not found
Refreshing native plugins compatible for Editor in 0.31 ms, found 0 plugins.
Preloading 0 native plugins for Editor in 0.00 ms.
Invoked RoslynAnalysisRunner static constructor.
RoslynAnalysisRunner will not be running.
RoslynAnalysisRunner has terminated.
Mono: successfully reloaded assembly
- Completed reload, in  0.916 seconds
Platform modules already initialized, skipping
Switching build target platform(5) subTarget(0) extendedPlatform(0) -> platform(13) subTarget(524288) extendedPlatform(0)
Refreshing native plugins compatible for Editor in 0.35 ms, found 0 plugins.
Preloading 0 native plugins for Editor in 0.00 ms.
Unloading 1528 Unused Serialized files (Serialized files now loaded: 0)
System memory in use before: 72.3 MB.
System memory in use after: 72.4 MB.

Unloading 8 unused Assets to reduce memory usage. Loaded Objects now: 2011.
Total: 2.935000 ms (FindLiveObjects: 0.392000 ms CreateObjectMapping: 0.138600 ms MarkObjects: 2.313700 ms  DeleteObjects: 0.088000 ms)

AssetImportParameters requested are different than current active one (requested -> active):
  custom:graphics/normal-map-encoding: 01000000000000000000000000000000 -> 02000000000000000000000000000000
========================================================================
Received Import Request.
  Time since last request: 1989.607752 seconds.
  path: Assets/Resources/Prefabs/Two.prefab
  artifactKey: Guid(516c9ca947120434389257f657baa0d4) Importer(815301076,1909f56bfc062723c751e8b465ee728b)
Start importing Assets/Resources/Prefabs/Two.prefab using Guid(516c9ca947120434389257f657baa0d4) Importer(815301076,1909f56bfc062723c751e8b465ee728b)  -> (artifact id: '8f3fbbf5fd9fa6556044803a139a1f6a') in 0.090461 seconds
  Import took 0.111897 seconds .

========================================================================
Received Prepare
Refreshing native plugins compatible for Editor in 1.12 ms, found 0 plugins.
Preloading 0 native plugins for Editor in 0.00 ms.
Unloading 5 Unused Serialized files (Serialized files now loaded: 0)
System memory in use before: 42.1 MB.
System memory in use after: 42.2 MB.

Unloading 4 unused Assets to reduce memory usage. Loaded Objects now: 2013.
Total: 2.242000 ms (FindLiveObjects: 0.265200 ms CreateObjectMapping: 0.076900 ms MarkObjects: 1.828100 ms  DeleteObjects: 0.070600 ms)

========================================================================
Received Import Request.
  Time since last request: 403.071473 seconds.
  path: Assets/Resources/Prefabs/One.prefab
  artifactKey: Guid(f8d356078945b6a49927ee6891a6874a) Importer(815301076,1909f56bfc062723c751e8b465ee728b)
Start importing Assets/Resources/Prefabs/One.prefab using Guid(f8d356078945b6a49927ee6891a6874a) Importer(815301076,1909f56bfc062723c751e8b465ee728b)  -> (artifact id: '64b976386c0ce319bfbb3c560e18da85') in 0.037613 seconds
  Import took 0.064127 seconds .

AssetImportWorkerClient::OnTransportError - code=2 error=End of file
